2023-08-15 15:07:27.250496I'm working...
2023-08-15 15:07:28.280111I'm working...
2023-08-15 15:07:29.291399I'm working...
2023-08-15 15:07:30.306743I'm working...
2023-08-15 15:07:31.318414I'm working...
2023-08-15 15:07:32.357906I'm working...
2023-08-15 15:07:33.384991I'm working...
2023-08-15 15:07:34.402561I'm working...
2023-08-15 15:07:35.417145I'm working...
2023-08-15 15:07:36.460194I'm working...
2023-08-15 15:07:37.499355I'm working...
<built-in method date of datetime.datetime object at 0x000001CDCD1DF990> 15:08:44.439191  Cron Job working...
<built-in method date of datetime.datetime object at 0x000001CDCB7F3630> 15:08:45.455808  Cron Job working...
<built-in method date of datetime.datetime object at 0x000001CDCD1DFE40> 15:08:46.493874  Cron Job working...
<built-in method date of datetime.datetime object at 0x000001CDCD1DF990> 15:08:47.536553  Cron Job working...
<built-in method date of datetime.datetime object at 0x000001CDCD1DFBD0> 15:08:48.556180  Cron Job working...
<built-in method date of datetime.datetime object at 0x000001CDCD008BA0> 15:08:49.597373  Cron Job working...
<built-in method date of datetime.datetime object at 0x000001CDCCF034B0> 15:08:50.633513  Cron Job working...
<built-in method date of datetime.datetime object at 0x000001CDCD1DFBD0> 15:08:51.645601  Cron Job working...
<built-in method date of datetime.datetime object at 0x000001CDCCF034B0> 15:08:52.668800  Cron Job working...
<built-in method date of datetime.datetime object at 0x000001CDCD1DFE40> 15:08:53.709887  Cron Job working...
2023-08-15 15:08:56.399619  Cron Job working...
2023-08-15 15:08:57.450935  Cron Job working...
2023-08-15 15:08:58.503840  Cron Job working...
2023-08-15 15:08:59.551300  Cron Job working...
2023-08-15 15:09:00.573485  Cron Job working...
2023-08-15 15:09:01.584776  Cron Job working...
2023-08-15 15:09:02.620729  Cron Job working...
2023-08-15 15:09:03.662554  Cron Job working...
2023-08-15 15:09:04.713295  Cron Job working...
2023-08-15 15:09:05.722977  Cron Job working...
2023-08-15 15:09:06.734323  Cron Job working...
2023-08-15 15:09:07.776971  Cron Job working...
2023-08-15 15:09:08.803014  Cron Job working...
2023-08-15 15:09:09.832176  Cron Job working...
2023-08-15 15:09:12.913106  Cron Job working...
2023-08-15 15:09:13.966937  Cron Job working...
2023-08-15 15:09:17.374344  Cron Job working...
unsupported operand type(s) for *: 'float' and 'decimal.Decimal'
unsupported operand type(s) for *: 'float' and 'decimal.Decimal'186.71692383085318
220.45454451515255
220.45454451515255
220.45454451515255
220.45454451515255
220.45454451515255
220.45454451515255
220.45454451515255
220.45454451515255
220.45454451515255
220.45454451515255
186.71692383085318
220.45454451515255
83.68090936234881
196.11743510919388
70.80683784669287
70.80683784669287
68.67189133153568
332.54933159645844
332.54933159645844
single positional indexer is out-of-bounds
'Canara Robeco Bluechip Equity Fund Direct Plan-Growth'
'Baroda BNP Paribas Large Cap Fund Direct Plan-Growth'
'Invesco India Largecap Fund Direct Plan-Growth'
'Mirae Asset Large Cap Fund Direct Plan-Growth'
'Bandhan Large Cap Fund Direct Plan-Growth'
186.71692383085318
220.45454451515255
83.68090936234881
196.11743510919388
70.80683784669287
70.80683784669287
68.67189133153568
332.54933159645844
332.54933159645844
single positional indexer is out-of-bounds
'Canara Robeco Bluechip Equity Fund Direct Plan-Growth'
'Baroda BNP Paribas Large Cap Fund Direct Plan-Growth'
'Invesco India Largecap Fund Direct Plan-Growth'
'Mirae Asset Large Cap Fund Direct Plan-Growth'
'Bandhan Large Cap Fund Direct Plan-Growth'
186.71692383085318
cannot access local variable 'e' where it is not associated with a value
220.45454451515255
83.68090936234881
196.11743510919388
70.80683784669287
cannot access local variable 'e' where it is not associated with a value
186.71692383085318
220.45454451515255
83.68090936234881
196.11743510919388
70.80683784669287
70.80683784669287
68.67189133153568
332.54933159645844
332.54933159645844
186.71692383085318
220.45454451515255
220.45454451515255
220.45454451515255
220.45454451515255
220.45454451515255
220.45454451515255
220.45454451515255
220.45454451515255
220.45454451515255
220.45454451515255
220.45454451515255
186.71692383085318
70.69051393706972
70.69051393706972
70.69051393706972
70.69051393706972
70.69051393706972
70.69051393706972
70.69051393706972
70.69051393706972
70.69051393706972
70.69051393706972
70.69051393706972
70.69051393706972
186.71692383085318
83.68090936234881
196.11743510919388
70.80683784669287
70.80683784669287
68.67189133153568
332.54933159645844
332.54933159645844
'Canara Robeco Bluechip Equity Fund Direct Plan-Growth'
'Baroda BNP Paribas Large Cap Fund Direct Plan-Growth'
'Invesco India Largecap Fund Direct Plan-Growth'
'Mirae Asset Large Cap Fund Direct Plan-Growth'
'Bandhan Large Cap Fund Direct Plan-Growth'

('Connection aborted.', ConnectionResetError(10054, 'An existing connection was forcibly closed by the remote host', None, 10054, None))
unsupported operand type(s) for +: 'NoneType' and 'str'
unsupported operand type(s) for +: 'NoneType' and 'str'
unsupported operand type(s) for +: 'NoneType' and 'str'
unsupported operand type(s) for +: 'NoneType' and 'str'
unsupported operand type(s) for +: 'NoneType' and 'str'
unsupported operand type(s) for +: 'NoneType' and 'str'
unsupported operand type(s) for +: 'NoneType' and 'str'
unsupported operand type(s) for +: 'NoneType' and 'str'
unsupported operand type(s) for +: 'NoneType' and 'str'
'NoneType' object has no attribute 'summary'
unsupported operand type(s) for +: 'NoneType' and 'str'
Exchange or symbol not found.
unsupported operand type(s) for +: 'NoneType' and 'str'
'NoneType' object has no attribute 'summary'
Exchange or symbol not found.
Exchange or symbol not found.
