2023-08-14 18:54:11,895 django.utils.autoreload INFO     /mnt/d/Aditya Priyadarshi/Web 2.0/Zense_proj/zense/settings.py changed, reloading.
2023-08-14 18:54:14,064 django.utils.autoreload INFO     Watching for file changes with StatReloader
2023-08-14 18:55:24,419 django.utils.autoreload INFO     Watching for file changes with StatReloader
2023-08-14 19:03:32,549 django.utils.autoreload INFO     /mnt/d/Aditya Priyadarshi/Web 2.0/Zense_proj/income/analysis.py changed, reloading.
2023-08-14 19:03:34,920 django.utils.autoreload INFO     Watching for file changes with StatReloader
2023-08-14 19:03:38,680 django.utils.autoreload INFO     /mnt/d/Aditya Priyadarshi/Web 2.0/Zense_proj/income/analysis.py changed, reloading.
2023-08-14 19:03:40,550 django.utils.autoreload INFO     Watching for file changes with StatReloader
2023-08-14 19:03:45,442 django.utils.autoreload INFO     /mnt/d/Aditya Priyadarshi/Web 2.0/Zense_proj/income/analysis.py changed, reloading.
2023-08-14 19:03:47,231 django.utils.autoreload INFO     Watching for file changes with StatReloader
2023-08-14 19:03:51,042 django.utils.autoreload INFO     /mnt/d/Aditya Priyadarshi/Web 2.0/Zense_proj/income/analysis.py changed, reloading.
2023-08-14 19:03:52,713 django.utils.autoreload INFO     Watching for file changes with StatReloader
2023-08-14 19:03:56,852 django.utils.autoreload INFO     /mnt/d/Aditya Priyadarshi/Web 2.0/Zense_proj/income/analysis.py changed, reloading.
2023-08-14 19:03:58,428 django.utils.autoreload INFO     Watching for file changes with StatReloader
2023-08-14 19:04:02,012 django.utils.autoreload INFO     /mnt/d/Aditya Priyadarshi/Web 2.0/Zense_proj/income/analysis.py changed, reloading.
2023-08-14 19:04:03,945 django.utils.autoreload INFO     Watching for file changes with StatReloader
2023-08-14 19:04:21,510 django.utils.autoreload INFO     /mnt/d/Aditya Priyadarshi/Web 2.0/Zense_proj/income/analysis.py changed, reloading.
2023-08-14 19:04:23,515 django.utils.autoreload INFO     Watching for file changes with StatReloader
2023-08-14 19:04:27,665 django.utils.autoreload INFO     /mnt/d/Aditya Priyadarshi/Web 2.0/Zense_proj/income/analysis.py changed, reloading.
2023-08-14 19:04:29,614 django.utils.autoreload INFO     Watching for file changes with StatReloader
2023-08-14 19:04:33,280 django.utils.autoreload INFO     /mnt/d/Aditya Priyadarshi/Web 2.0/Zense_proj/income/analysis.py changed, reloading.
2023-08-14 19:04:34,993 django.utils.autoreload INFO     Watching for file changes with StatReloader
2023-08-14 19:05:27,636 django.utils.autoreload INFO     /mnt/d/Aditya Priyadarshi/Web 2.0/Zense_proj/income/analysis.py changed, reloading.
2023-08-14 19:05:29,457 django.utils.autoreload INFO     Watching for file changes with StatReloader
2023-08-14 19:05:46,531 django.utils.autoreload INFO     /mnt/d/Aditya Priyadarshi/Web 2.0/Zense_proj/income/analysis.py changed, reloading.
2023-08-14 19:05:48,440 django.utils.autoreload INFO     Watching for file changes with StatReloader
2023-08-14 19:05:52,147 django.utils.autoreload INFO     /mnt/d/Aditya Priyadarshi/Web 2.0/Zense_proj/income/analysis.py changed, reloading.
2023-08-14 19:05:53,825 django.utils.autoreload INFO     Watching for file changes with StatReloader
2023-08-14 19:05:58,510 django.utils.autoreload INFO     /mnt/d/Aditya Priyadarshi/Web 2.0/Zense_proj/income/analysis.py changed, reloading.
2023-08-14 19:06:00,243 django.utils.autoreload INFO     Watching for file changes with StatReloader
2023-08-14 19:06:29,416 django.utils.autoreload INFO     /mnt/d/Aditya Priyadarshi/Web 2.0/Zense_proj/income/analysis.py changed, reloading.
2023-08-14 19:06:31,247 django.utils.autoreload INFO     Watching for file changes with StatReloader
2023-08-14 19:06:35,571 django.utils.autoreload INFO     /mnt/d/Aditya Priyadarshi/Web 2.0/Zense_proj/income/analysis.py changed, reloading.
2023-08-14 19:06:37,608 django.utils.autoreload INFO     Watching for file changes with StatReloader
2023-08-14 19:06:42,945 django.utils.autoreload INFO     /mnt/d/Aditya Priyadarshi/Web 2.0/Zense_proj/income/analysis.py changed, reloading.
2023-08-14 19:06:44,741 django.utils.autoreload INFO     Watching for file changes with StatReloader
2023-08-14 19:06:46,698 django.utils.autoreload INFO     /mnt/d/Aditya Priyadarshi/Web 2.0/Zense_proj/income/analysis.py changed, reloading.
2023-08-14 19:06:48,607 django.utils.autoreload INFO     Watching for file changes with StatReloader
2023-08-14 19:06:53,325 django.utils.autoreload INFO     /mnt/d/Aditya Priyadarshi/Web 2.0/Zense_proj/income/analysis.py changed, reloading.
2023-08-14 19:06:55,107 django.utils.autoreload INFO     Watching for file changes with StatReloader
2023-08-14 19:07:06,768 django.utils.autoreload INFO     /mnt/d/Aditya Priyadarshi/Web 2.0/Zense_proj/income/analysis.py changed, reloading.
2023-08-14 19:07:08,701 django.utils.autoreload INFO     Watching for file changes with StatReloader
2023-08-14 19:07:12,357 django.utils.autoreload INFO     /mnt/d/Aditya Priyadarshi/Web 2.0/Zense_proj/income/analysis.py changed, reloading.
2023-08-14 19:07:14,105 django.utils.autoreload INFO     Watching for file changes with StatReloader
2023-08-14 19:07:35,376 django.utils.autoreload INFO     /mnt/d/Aditya Priyadarshi/Web 2.0/Zense_proj/income/analysis.py changed, reloading.
2023-08-14 19:07:37,385 django.utils.autoreload INFO     Watching for file changes with StatReloader
2023-08-14 19:07:40,904 django.utils.autoreload INFO     /mnt/d/Aditya Priyadarshi/Web 2.0/Zense_proj/income/analysis.py changed, reloading.
2023-08-14 19:07:42,582 django.utils.autoreload INFO     Watching for file changes with StatReloader
2023-08-14 19:07:46,299 django.utils.autoreload INFO     /mnt/d/Aditya Priyadarshi/Web 2.0/Zense_proj/income/analysis.py changed, reloading.
2023-08-14 19:07:48,455 django.utils.autoreload INFO     Watching for file changes with StatReloader
2023-08-14 19:08:43,478 django.utils.autoreload INFO     /mnt/d/Aditya Priyadarshi/Web 2.0/Zense_proj/income/analysis.py changed, reloading.
2023-08-14 19:08:45,866 django.utils.autoreload INFO     Watching for file changes with StatReloader
2023-08-14 19:08:49,497 django.utils.autoreload INFO     /mnt/d/Aditya Priyadarshi/Web 2.0/Zense_proj/income/analysis.py changed, reloading.
2023-08-14 19:08:50,801 django.utils.autoreload INFO     Watching for file changes with StatReloader
2023-08-14 19:08:55,561 django.utils.autoreload INFO     /mnt/d/Aditya Priyadarshi/Web 2.0/Zense_proj/income/analysis.py changed, reloading.
2023-08-14 19:08:57,174 django.utils.autoreload INFO     Watching for file changes with StatReloader
2023-08-14 19:09:28,251 django.utils.autoreload INFO     /mnt/d/Aditya Priyadarshi/Web 2.0/Zense_proj/income/analysis.py changed, reloading.
2023-08-14 19:09:29,879 django.utils.autoreload INFO     Watching for file changes with StatReloader
2023-08-14 19:09:33,409 django.utils.autoreload INFO     /mnt/d/Aditya Priyadarshi/Web 2.0/Zense_proj/income/analysis.py changed, reloading.
2023-08-14 19:09:35,409 django.utils.autoreload INFO     Watching for file changes with StatReloader
2023-08-14 19:09:39,035 django.utils.autoreload INFO     /mnt/d/Aditya Priyadarshi/Web 2.0/Zense_proj/income/analysis.py changed, reloading.
2023-08-14 19:09:40,922 django.utils.autoreload INFO     Watching for file changes with StatReloader
2023-08-14 19:09:44,874 django.utils.autoreload INFO     /mnt/d/Aditya Priyadarshi/Web 2.0/Zense_proj/income/analysis.py changed, reloading.
2023-08-14 19:09:46,667 django.utils.autoreload INFO     Watching for file changes with StatReloader
2023-08-14 19:09:52,035 django.utils.autoreload INFO     /mnt/d/Aditya Priyadarshi/Web 2.0/Zense_proj/income/analysis.py changed, reloading.
2023-08-14 19:09:53,895 django.utils.autoreload INFO     Watching for file changes with StatReloader
2023-08-14 19:09:57,447 django.utils.autoreload INFO     /mnt/d/Aditya Priyadarshi/Web 2.0/Zense_proj/income/analysis.py changed, reloading.
2023-08-14 19:09:59,857 django.utils.autoreload INFO     Watching for file changes with StatReloader
2023-08-14 19:10:03,792 django.utils.autoreload INFO     /mnt/d/Aditya Priyadarshi/Web 2.0/Zense_proj/income/analysis.py changed, reloading.
2023-08-14 19:10:05,616 django.utils.autoreload INFO     Watching for file changes with StatReloader
2023-08-14 19:10:07,978 django.utils.autoreload INFO     /mnt/d/Aditya Priyadarshi/Web 2.0/Zense_proj/income/analysis.py changed, reloading.
2023-08-14 19:10:09,742 django.utils.autoreload INFO     Watching for file changes with StatReloader
2023-08-14 19:10:12,012 django.utils.autoreload INFO     /mnt/d/Aditya Priyadarshi/Web 2.0/Zense_proj/income/analysis.py changed, reloading.
2023-08-14 19:10:13,594 django.utils.autoreload INFO     Watching for file changes with StatReloader
2023-08-14 19:11:12,075 django.utils.autoreload INFO     Watching for file changes with StatReloader
2023-08-14 19:12:18,855 django.utils.autoreload INFO     /mnt/d/Aditya Priyadarshi/Web 2.0/Zense_proj/income/models.py changed, reloading.
2023-08-14 19:12:20,361 django.utils.autoreload INFO     Watching for file changes with StatReloader
2023-08-14 19:12:31,871 django.utils.autoreload INFO     /mnt/d/Aditya Priyadarshi/Web 2.0/Zense_proj/income/models.py changed, reloading.
2023-08-14 19:12:33,093 django.utils.autoreload INFO     Watching for file changes with StatReloader
2023-08-14 19:12:36,085 django.utils.autoreload INFO     /mnt/d/Aditya Priyadarshi/Web 2.0/Zense_proj/income/models.py changed, reloading.
2023-08-14 19:12:37,676 django.utils.autoreload INFO     Watching for file changes with StatReloader
2023-08-14 19:13:06,927 django.utils.autoreload INFO     /mnt/d/Aditya Priyadarshi/Web 2.0/Zense_proj/income/views.py changed, reloading.
2023-08-14 19:13:08,714 django.utils.autoreload INFO     Watching for file changes with StatReloader
2023-08-14 19:13:19,199 django.utils.autoreload INFO     /mnt/d/Aditya Priyadarshi/Web 2.0/Zense_proj/income/views.py changed, reloading.
2023-08-14 19:13:21,330 django.utils.autoreload INFO     Watching for file changes with StatReloader
2023-08-14 19:13:25,066 django.utils.autoreload INFO     /mnt/d/Aditya Priyadarshi/Web 2.0/Zense_proj/income/views.py changed, reloading.
2023-08-14 19:13:26,343 django.utils.autoreload INFO     Watching for file changes with StatReloader
2023-08-14 19:13:28,479 django.utils.autoreload INFO     /mnt/d/Aditya Priyadarshi/Web 2.0/Zense_proj/income/views.py changed, reloading.
2023-08-14 19:13:29,856 django.utils.autoreload INFO     Watching for file changes with StatReloader
2023-08-14 19:13:32,037 django.utils.autoreload INFO     /mnt/d/Aditya Priyadarshi/Web 2.0/Zense_proj/income/views.py changed, reloading.
2023-08-14 19:13:33,984 django.utils.autoreload INFO     Watching for file changes with StatReloader
2023-08-14 19:13:37,282 django.utils.autoreload INFO     /mnt/d/Aditya Priyadarshi/Web 2.0/Zense_proj/income/views.py changed, reloading.
2023-08-14 19:13:38,986 django.utils.autoreload INFO     Watching for file changes with StatReloader
2023-08-14 19:13:56,935 django.utils.autoreload INFO     /mnt/d/Aditya Priyadarshi/Web 2.0/Zense_proj/income/models.py changed, reloading.
2023-08-14 19:13:58,972 django.utils.autoreload INFO     Watching for file changes with StatReloader
2023-08-14 19:14:16,377 django.utils.autoreload INFO     /mnt/d/Aditya Priyadarshi/Web 2.0/Zense_proj/income/models.py changed, reloading.
2023-08-14 19:14:18,366 django.utils.autoreload INFO     Watching for file changes with StatReloader
2023-08-14 19:14:22,002 django.utils.autoreload INFO     /mnt/d/Aditya Priyadarshi/Web 2.0/Zense_proj/income/models.py changed, reloading.
2023-08-14 19:14:24,013 django.utils.autoreload INFO     Watching for file changes with StatReloader
2023-08-14 19:14:27,976 django.utils.autoreload INFO     /mnt/d/Aditya Priyadarshi/Web 2.0/Zense_proj/income/models.py changed, reloading.
2023-08-14 19:14:29,713 django.utils.autoreload INFO     Watching for file changes with StatReloader
2023-08-14 19:14:34,170 django.utils.autoreload INFO     /mnt/d/Aditya Priyadarshi/Web 2.0/Zense_proj/income/models.py changed, reloading.
2023-08-14 19:14:35,681 django.utils.autoreload INFO     Watching for file changes with StatReloader
2023-08-14 19:15:42,445 django.utils.autoreload INFO     /mnt/d/Aditya Priyadarshi/Web 2.0/Zense_proj/income/views.py changed, reloading.
2023-08-14 19:15:43,984 django.utils.autoreload INFO     Watching for file changes with StatReloader
2023-08-14 19:15:46,091 django.utils.autoreload INFO     /mnt/d/Aditya Priyadarshi/Web 2.0/Zense_proj/income/views.py changed, reloading.
2023-08-14 19:15:47,848 django.utils.autoreload INFO     Watching for file changes with StatReloader
2023-08-14 19:15:58,669 django.utils.autoreload INFO     /mnt/d/Aditya Priyadarshi/Web 2.0/Zense_proj/income/models.py changed, reloading.
2023-08-14 19:16:01,048 django.utils.autoreload INFO     Watching for file changes with StatReloader
2023-08-14 19:16:04,934 django.utils.autoreload INFO     /mnt/d/Aditya Priyadarshi/Web 2.0/Zense_proj/income/models.py changed, reloading.
2023-08-14 19:16:06,420 django.utils.autoreload INFO     Watching for file changes with StatReloader
2023-08-14 19:16:14,845 django.utils.autoreload INFO     /mnt/d/Aditya Priyadarshi/Web 2.0/Zense_proj/income/models.py changed, reloading.
2023-08-14 19:16:16,700 django.utils.autoreload INFO     Watching for file changes with StatReloader
2023-08-14 19:16:20,296 django.utils.autoreload INFO     /mnt/d/Aditya Priyadarshi/Web 2.0/Zense_proj/income/models.py changed, reloading.
2023-08-14 19:16:21,999 django.utils.autoreload INFO     Watching for file changes with StatReloader
2023-08-14 19:16:25,507 django.utils.autoreload INFO     /mnt/d/Aditya Priyadarshi/Web 2.0/Zense_proj/income/models.py changed, reloading.
2023-08-14 19:16:27,230 django.utils.autoreload INFO     Watching for file changes with StatReloader
2023-08-14 19:18:37,018 django.utils.autoreload INFO     /mnt/d/Aditya Priyadarshi/Web 2.0/Zense_proj/income/analysis.py changed, reloading.
2023-08-14 19:18:38,829 django.utils.autoreload INFO     Watching for file changes with StatReloader
2023-08-14 19:18:41,098 django.utils.autoreload INFO     /mnt/d/Aditya Priyadarshi/Web 2.0/Zense_proj/income/analysis.py changed, reloading.
2023-08-14 19:18:42,899 django.utils.autoreload INFO     Watching for file changes with StatReloader
2023-08-14 19:18:48,703 django.utils.autoreload INFO     /mnt/d/Aditya Priyadarshi/Web 2.0/Zense_proj/income/analysis.py changed, reloading.
2023-08-14 19:18:51,060 django.utils.autoreload INFO     Watching for file changes with StatReloader
2023-08-14 19:18:54,731 django.utils.autoreload INFO     /mnt/d/Aditya Priyadarshi/Web 2.0/Zense_proj/income/analysis.py changed, reloading.
2023-08-14 19:18:56,802 django.utils.autoreload INFO     Watching for file changes with StatReloader
2023-08-14 19:21:03,965 django.utils.autoreload INFO     /mnt/d/Aditya Priyadarshi/Web 2.0/Zense_proj/income/analysis.py changed, reloading.
2023-08-14 19:21:06,406 django.utils.autoreload INFO     Watching for file changes with StatReloader
2023-08-14 19:24:39,578 django.utils.autoreload INFO     /mnt/d/Aditya Priyadarshi/Web 2.0/Zense_proj/income/urls.py changed, reloading.
2023-08-14 19:24:41,886 django.utils.autoreload INFO     Watching for file changes with StatReloader
2023-08-14 19:24:47,315 django.utils.autoreload INFO     /mnt/d/Aditya Priyadarshi/Web 2.0/Zense_proj/income/urls.py changed, reloading.
2023-08-14 19:24:49,009 django.utils.autoreload INFO     Watching for file changes with StatReloader
2023-08-14 19:24:54,784 django.utils.autoreload INFO     /mnt/d/Aditya Priyadarshi/Web 2.0/Zense_proj/income/urls.py changed, reloading.
2023-08-14 19:24:56,629 django.utils.autoreload INFO     Watching for file changes with StatReloader
2023-08-14 19:25:01,329 django.utils.autoreload INFO     /mnt/d/Aditya Priyadarshi/Web 2.0/Zense_proj/income/urls.py changed, reloading.
2023-08-14 19:25:03,086 django.utils.autoreload INFO     Watching for file changes with StatReloader
2023-08-14 19:25:08,244 django.utils.autoreload INFO     /mnt/d/Aditya Priyadarshi/Web 2.0/Zense_proj/income/urls.py changed, reloading.
2023-08-14 19:25:10,324 django.utils.autoreload INFO     Watching for file changes with StatReloader
2023-08-14 19:25:15,024 django.utils.autoreload INFO     /mnt/d/Aditya Priyadarshi/Web 2.0/Zense_proj/income/urls.py changed, reloading.
2023-08-14 19:25:16,636 django.utils.autoreload INFO     Watching for file changes with StatReloader
2023-08-14 19:25:23,591 django.utils.autoreload INFO     /mnt/d/Aditya Priyadarshi/Web 2.0/Zense_proj/income/urls.py changed, reloading.
2023-08-14 19:25:25,349 django.utils.autoreload INFO     Watching for file changes with StatReloader
2023-08-14 19:25:32,889 django.utils.autoreload INFO     /mnt/d/Aditya Priyadarshi/Web 2.0/Zense_proj/income/urls.py changed, reloading.
2023-08-14 19:25:34,737 django.utils.autoreload INFO     Watching for file changes with StatReloader
2023-08-14 19:25:45,509 django.utils.autoreload INFO     /mnt/d/Aditya Priyadarshi/Web 2.0/Zense_proj/income/urls.py changed, reloading.
2023-08-14 19:25:47,137 django.utils.autoreload INFO     Watching for file changes with StatReloader
2023-08-14 19:26:51,833 django.request ERROR    Internal Server Error: /income/view_income/
Traceback (most recent call last):
  File "/home/ap5967/.local/lib/python3.10/site-packages/django/db/backends/utils.py", line 89, in _execute
    return self.cursor.execute(sql, params)
  File "/home/ap5967/.local/lib/python3.10/site-packages/django/db/backends/sqlite3/base.py", line 328, in execute
    return super().execute(query, params)
sqlite3.OperationalError: no such column: income_incomeobject.added

The above exception was the direct cause of the following exception:

Traceback (most recent call last):
  File "/home/ap5967/.local/lib/python3.10/site-packages/django/core/handlers/exception.py", line 55, in inner
    response = get_response(request)
  File "/home/ap5967/.local/lib/python3.10/site-packages/django/core/handlers/base.py", line 197, in _get_response
    response = wrapped_callback(request, *callback_args, **callback_kwargs)
  File "/home/ap5967/.local/lib/python3.10/site-packages/django/contrib/auth/decorators.py", line 23, in _wrapper_view
    return view_func(request, *args, **kwargs)
  File "/mnt/d/Aditya Priyadarshi/Web 2.0/Zense_proj/income/views.py", line 60, in view_income
    for i in income:
  File "/home/ap5967/.local/lib/python3.10/site-packages/django/db/models/query.py", line 398, in __iter__
    self._fetch_all()
  File "/home/ap5967/.local/lib/python3.10/site-packages/django/db/models/query.py", line 1881, in _fetch_all
    self._result_cache = list(self._iterable_class(self))
  File "/home/ap5967/.local/lib/python3.10/site-packages/django/db/models/query.py", line 91, in __iter__
    results = compiler.execute_sql(
  File "/home/ap5967/.local/lib/python3.10/site-packages/django/db/models/sql/compiler.py", line 1562, in execute_sql
    cursor.execute(sql, params)
  File "/home/ap5967/.local/lib/python3.10/site-packages/django/db/backends/utils.py", line 102, in execute
    return super().execute(sql, params)
  File "/home/ap5967/.local/lib/python3.10/site-packages/django/db/backends/utils.py", line 67, in execute
    return self._execute_with_wrappers(
  File "/home/ap5967/.local/lib/python3.10/site-packages/django/db/backends/utils.py", line 80, in _execute_with_wrappers
    return executor(sql, params, many, context)
  File "/home/ap5967/.local/lib/python3.10/site-packages/django/db/backends/utils.py", line 84, in _execute
    with self.db.wrap_database_errors:
  File "/home/ap5967/.local/lib/python3.10/site-packages/django/db/utils.py", line 91, in __exit__
    raise dj_exc_value.with_traceback(traceback) from exc_value
  File "/home/ap5967/.local/lib/python3.10/site-packages/django/db/backends/utils.py", line 89, in _execute
    return self.cursor.execute(sql, params)
  File "/home/ap5967/.local/lib/python3.10/site-packages/django/db/backends/sqlite3/base.py", line 328, in execute
    return super().execute(query, params)
django.db.utils.OperationalError: no such column: income_incomeobject.added
2023-08-14 19:28:17,663 django.utils.autoreload INFO     Watching for file changes with StatReloader
2023-08-14 19:28:21,953 django.request ERROR    Internal Server Error: /income/view_income/
Traceback (most recent call last):
  File "/home/ap5967/.local/lib/python3.10/site-packages/django/core/handlers/exception.py", line 55, in inner
    response = get_response(request)
  File "/home/ap5967/.local/lib/python3.10/site-packages/django/core/handlers/base.py", line 197, in _get_response
    response = wrapped_callback(request, *callback_args, **callback_kwargs)
  File "/home/ap5967/.local/lib/python3.10/site-packages/django/contrib/auth/decorators.py", line 23, in _wrapper_view
    return view_func(request, *args, **kwargs)
  File "/mnt/d/Aditya Priyadarshi/Web 2.0/Zense_proj/income/views.py", line 65, in view_income
    return render(request, 'view_income.html', {'income': income1})
  File "/home/ap5967/.local/lib/python3.10/site-packages/django/shortcuts.py", line 24, in render
    content = loader.render_to_string(template_name, context, request, using=using)
  File "/home/ap5967/.local/lib/python3.10/site-packages/django/template/loader.py", line 62, in render_to_string
    return template.render(context, request)
  File "/home/ap5967/.local/lib/python3.10/site-packages/django/template/backends/django.py", line 61, in render
    return self.template.render(context)
  File "/home/ap5967/.local/lib/python3.10/site-packages/django/template/base.py", line 175, in render
    return self._render(context)
  File "/home/ap5967/.local/lib/python3.10/site-packages/django/template/base.py", line 167, in _render
    return self.nodelist.render(context)
  File "/home/ap5967/.local/lib/python3.10/site-packages/django/template/base.py", line 1005, in render
    return SafeString("".join([node.render_annotated(context) for node in self]))
  File "/home/ap5967/.local/lib/python3.10/site-packages/django/template/base.py", line 1005, in <listcomp>
    return SafeString("".join([node.render_annotated(context) for node in self]))
  File "/home/ap5967/.local/lib/python3.10/site-packages/django/template/base.py", line 966, in render_annotated
    return self.render(context)
  File "/home/ap5967/.local/lib/python3.10/site-packages/django/template/loader_tags.py", line 157, in render
    return compiled_parent._render(context)
  File "/home/ap5967/.local/lib/python3.10/site-packages/django/template/base.py", line 167, in _render
    return self.nodelist.render(context)
  File "/home/ap5967/.local/lib/python3.10/site-packages/django/template/base.py", line 1005, in render
    return SafeString("".join([node.render_annotated(context) for node in self]))
  File "/home/ap5967/.local/lib/python3.10/site-packages/django/template/base.py", line 1005, in <listcomp>
    return SafeString("".join([node.render_annotated(context) for node in self]))
  File "/home/ap5967/.local/lib/python3.10/site-packages/django/template/base.py", line 966, in render_annotated
    return self.render(context)
  File "/home/ap5967/.local/lib/python3.10/site-packages/django/template/loader_tags.py", line 63, in render
    result = block.nodelist.render(context)
  File "/home/ap5967/.local/lib/python3.10/site-packages/django/template/base.py", line 1005, in render
    return SafeString("".join([node.render_annotated(context) for node in self]))
  File "/home/ap5967/.local/lib/python3.10/site-packages/django/template/base.py", line 1005, in <listcomp>
    return SafeString("".join([node.render_annotated(context) for node in self]))
  File "/home/ap5967/.local/lib/python3.10/site-packages/django/template/base.py", line 966, in render_annotated
    return self.render(context)
  File "/home/ap5967/.local/lib/python3.10/site-packages/django/template/defaulttags.py", line 238, in render
    nodelist.append(node.render_annotated(context))
  File "/home/ap5967/.local/lib/python3.10/site-packages/django/template/base.py", line 966, in render_annotated
    return self.render(context)
  File "/home/ap5967/.local/lib/python3.10/site-packages/django/template/defaulttags.py", line 471, in render
    url = reverse(view_name, args=args, kwargs=kwargs, current_app=current_app)
  File "/home/ap5967/.local/lib/python3.10/site-packages/django/urls/base.py", line 88, in reverse
    return resolver._reverse_with_prefix(view, prefix, *args, **kwargs)
  File "/home/ap5967/.local/lib/python3.10/site-packages/django/urls/resolvers.py", line 828, in _reverse_with_prefix
    raise NoReverseMatch(msg)
django.urls.exceptions.NoReverseMatch: Reverse for 'analyse_single' with no arguments not found. 1 pattern(s) tried: ['income/analyse_single/(?P<id>[0-9]+)/\\Z']
2023-08-14 19:28:38,554 django.request ERROR    Internal Server Error: /income/analyse_single/1/
Traceback (most recent call last):
  File "/home/ap5967/.local/lib/python3.10/site-packages/django/core/handlers/exception.py", line 55, in inner
    response = get_response(request)
  File "/home/ap5967/.local/lib/python3.10/site-packages/django/core/handlers/base.py", line 197, in _get_response
    response = wrapped_callback(request, *callback_args, **callback_kwargs)
  File "/home/ap5967/.local/lib/python3.10/site-packages/django/contrib/auth/decorators.py", line 23, in _wrapper_view
    return view_func(request, *args, **kwargs)
TypeError: analysis_single() got an unexpected keyword argument 'id'
2023-08-14 19:29:01,750 django.utils.autoreload INFO     /mnt/d/Aditya Priyadarshi/Web 2.0/Zense_proj/income/analysis.py changed, reloading.
2023-08-14 19:29:03,609 django.utils.autoreload INFO     Watching for file changes with StatReloader
2023-08-14 19:29:12,428 django.request ERROR    Internal Server Error: /income/analyse_single/1/
Traceback (most recent call last):
  File "/home/ap5967/.local/lib/python3.10/site-packages/django/core/handlers/exception.py", line 55, in inner
    response = get_response(request)
  File "/home/ap5967/.local/lib/python3.10/site-packages/django/core/handlers/base.py", line 197, in _get_response
    response = wrapped_callback(request, *callback_args, **callback_kwargs)
  File "/home/ap5967/.local/lib/python3.10/site-packages/django/contrib/auth/decorators.py", line 23, in _wrapper_view
    return view_func(request, *args, **kwargs)
  File "/mnt/d/Aditya Priyadarshi/Web 2.0/Zense_proj/income/analysis.py", line 40, in analysis_single
    contribution=(income_contribution/total_income)*100 #income contribution in percentage
ZeroDivisionError: division by zero
2023-08-14 19:30:11,729 django.utils.autoreload INFO     /mnt/d/Aditya Priyadarshi/Web 2.0/Zense_proj/income/analysis.py changed, reloading.
2023-08-14 19:30:13,336 django.utils.autoreload INFO     Watching for file changes with StatReloader
2023-08-14 19:30:15,657 django.utils.autoreload INFO     /mnt/d/Aditya Priyadarshi/Web 2.0/Zense_proj/income/analysis.py changed, reloading.
2023-08-14 19:30:17,144 django.utils.autoreload INFO     Watching for file changes with StatReloader
2023-08-14 19:30:19,342 django.utils.autoreload INFO     /mnt/d/Aditya Priyadarshi/Web 2.0/Zense_proj/income/analysis.py changed, reloading.
2023-08-14 19:30:21,042 django.utils.autoreload INFO     Watching for file changes with StatReloader
2023-08-14 19:30:32,865 django.utils.autoreload INFO     /mnt/d/Aditya Priyadarshi/Web 2.0/Zense_proj/income/analysis.py changed, reloading.
2023-08-14 19:30:34,808 django.utils.autoreload INFO     Watching for file changes with StatReloader
2023-08-14 19:31:05,880 django.utils.autoreload INFO     /mnt/d/Aditya Priyadarshi/Web 2.0/Zense_proj/income/analysis.py changed, reloading.
2023-08-14 19:31:07,762 django.utils.autoreload INFO     Watching for file changes with StatReloader
2023-08-14 19:31:12,591 django.utils.autoreload INFO     /mnt/d/Aditya Priyadarshi/Web 2.0/Zense_proj/income/analysis.py changed, reloading.
2023-08-14 19:31:14,317 django.utils.autoreload INFO     Watching for file changes with StatReloader
2023-08-14 19:31:17,982 django.utils.autoreload INFO     /mnt/d/Aditya Priyadarshi/Web 2.0/Zense_proj/income/analysis.py changed, reloading.
2023-08-14 19:31:19,540 django.utils.autoreload INFO     Watching for file changes with StatReloader
2023-08-14 19:31:21,671 django.utils.autoreload INFO     /mnt/d/Aditya Priyadarshi/Web 2.0/Zense_proj/income/analysis.py changed, reloading.
2023-08-14 19:31:23,193 django.utils.autoreload INFO     Watching for file changes with StatReloader
2023-08-14 19:31:47,259 django.utils.autoreload INFO     Watching for file changes with StatReloader
2023-08-14 19:31:50,209 django.request ERROR    Internal Server Error: /income/analyse_single/1/
Traceback (most recent call last):
  File "/home/ap5967/.local/lib/python3.10/site-packages/django/core/handlers/exception.py", line 55, in inner
    response = get_response(request)
  File "/home/ap5967/.local/lib/python3.10/site-packages/django/core/handlers/base.py", line 197, in _get_response
    response = wrapped_callback(request, *callback_args, **callback_kwargs)
  File "/home/ap5967/.local/lib/python3.10/site-packages/django/contrib/auth/decorators.py", line 23, in _wrapper_view
    return view_func(request, *args, **kwargs)
  File "/mnt/d/Aditya Priyadarshi/Web 2.0/Zense_proj/income/analysis.py", line 33, in analysis_single
    return JsonResponse({'income':income,'total_obj':total_obj})
  File "/home/ap5967/.local/lib/python3.10/site-packages/django/http/response.py", line 731, in __init__
    data = json.dumps(data, cls=encoder, **json_dumps_params)
  File "/usr/lib/python3.10/json/__init__.py", line 238, in dumps
    **kw).encode(obj)
  File "/usr/lib/python3.10/json/encoder.py", line 199, in encode
    chunks = self.iterencode(o, _one_shot=True)
  File "/usr/lib/python3.10/json/encoder.py", line 257, in iterencode
    return _iterencode(o, 0)
  File "/home/ap5967/.local/lib/python3.10/site-packages/django/core/serializers/json.py", line 106, in default
    return super().default(o)
  File "/usr/lib/python3.10/json/encoder.py", line 179, in default
    raise TypeError(f'Object of type {o.__class__.__name__} '
TypeError: Object of type QuerySet is not JSON serializable
2023-08-14 19:31:50,752 django.request ERROR    Internal Server Error: /income/analyse_single/1/
Traceback (most recent call last):
  File "/home/ap5967/.local/lib/python3.10/site-packages/django/core/handlers/exception.py", line 55, in inner
    response = get_response(request)
  File "/home/ap5967/.local/lib/python3.10/site-packages/django/core/handlers/base.py", line 197, in _get_response
    response = wrapped_callback(request, *callback_args, **callback_kwargs)
  File "/home/ap5967/.local/lib/python3.10/site-packages/django/contrib/auth/decorators.py", line 23, in _wrapper_view
    return view_func(request, *args, **kwargs)
  File "/mnt/d/Aditya Priyadarshi/Web 2.0/Zense_proj/income/analysis.py", line 33, in analysis_single
    return JsonResponse({'income':income,'total_obj':total_obj})
  File "/home/ap5967/.local/lib/python3.10/site-packages/django/http/response.py", line 731, in __init__
    data = json.dumps(data, cls=encoder, **json_dumps_params)
  File "/usr/lib/python3.10/json/__init__.py", line 238, in dumps
    **kw).encode(obj)
  File "/usr/lib/python3.10/json/encoder.py", line 199, in encode
    chunks = self.iterencode(o, _one_shot=True)
  File "/usr/lib/python3.10/json/encoder.py", line 257, in iterencode
    return _iterencode(o, 0)
  File "/home/ap5967/.local/lib/python3.10/site-packages/django/core/serializers/json.py", line 106, in default
    return super().default(o)
  File "/usr/lib/python3.10/json/encoder.py", line 179, in default
    raise TypeError(f'Object of type {o.__class__.__name__} '
TypeError: Object of type QuerySet is not JSON serializable
2023-08-14 19:32:01,688 django.utils.autoreload INFO     /mnt/d/Aditya Priyadarshi/Web 2.0/Zense_proj/income/analysis.py changed, reloading.
2023-08-14 19:32:03,505 django.utils.autoreload INFO     Watching for file changes with StatReloader
2023-08-14 19:32:07,330 django.utils.autoreload INFO     /mnt/d/Aditya Priyadarshi/Web 2.0/Zense_proj/income/analysis.py changed, reloading.
2023-08-14 19:32:08,944 django.utils.autoreload INFO     Watching for file changes with StatReloader
2023-08-14 19:32:10,709 django.request ERROR    Internal Server Error: /income/analyse_single/1/
Traceback (most recent call last):
  File "/home/ap5967/.local/lib/python3.10/site-packages/django/core/handlers/exception.py", line 55, in inner
    response = get_response(request)
  File "/home/ap5967/.local/lib/python3.10/site-packages/django/core/handlers/base.py", line 197, in _get_response
    response = wrapped_callback(request, *callback_args, **callback_kwargs)
  File "/home/ap5967/.local/lib/python3.10/site-packages/django/contrib/auth/decorators.py", line 23, in _wrapper_view
    return view_func(request, *args, **kwargs)
  File "/mnt/d/Aditya Priyadarshi/Web 2.0/Zense_proj/income/analysis.py", line 33, in analysis_single
    return HttpResponse({'income':income,'total_obj':total_obj})
NameError: name 'HTTPResponse' is not defined
2023-08-14 19:32:12,103 django.request ERROR    Internal Server Error: /income/analyse_single/1/
Traceback (most recent call last):
  File "/home/ap5967/.local/lib/python3.10/site-packages/django/core/handlers/exception.py", line 55, in inner
    response = get_response(request)
  File "/home/ap5967/.local/lib/python3.10/site-packages/django/core/handlers/base.py", line 197, in _get_response
    response = wrapped_callback(request, *callback_args, **callback_kwargs)
  File "/home/ap5967/.local/lib/python3.10/site-packages/django/contrib/auth/decorators.py", line 23, in _wrapper_view
    return view_func(request, *args, **kwargs)
  File "/mnt/d/Aditya Priyadarshi/Web 2.0/Zense_proj/income/analysis.py", line 33, in analysis_single
    return HttpResponse({'income':income,'total_obj':total_obj})
NameError: name 'HTTPResponse' is not defined
2023-08-14 19:32:13,914 django.utils.autoreload INFO     /mnt/d/Aditya Priyadarshi/Web 2.0/Zense_proj/income/analysis.py changed, reloading.
2023-08-14 19:32:15,436 django.utils.autoreload INFO     Watching for file changes with StatReloader
2023-08-14 19:32:24,147 django.utils.autoreload INFO     /mnt/d/Aditya Priyadarshi/Web 2.0/Zense_proj/income/analysis.py changed, reloading.
2023-08-14 19:32:25,775 django.utils.autoreload INFO     Watching for file changes with StatReloader
2023-08-14 19:32:29,311 django.utils.autoreload INFO     /mnt/d/Aditya Priyadarshi/Web 2.0/Zense_proj/income/analysis.py changed, reloading.
2023-08-14 19:32:30,984 django.utils.autoreload INFO     Watching for file changes with StatReloader
2023-08-14 19:32:34,401 django.utils.autoreload INFO     /mnt/d/Aditya Priyadarshi/Web 2.0/Zense_proj/income/analysis.py changed, reloading.
2023-08-14 19:32:35,874 django.utils.autoreload INFO     Watching for file changes with StatReloader
2023-08-14 19:32:45,014 django.utils.autoreload INFO     /mnt/d/Aditya Priyadarshi/Web 2.0/Zense_proj/income/analysis.py changed, reloading.
2023-08-14 19:32:47,001 django.utils.autoreload INFO     Watching for file changes with StatReloader
2023-08-14 19:32:50,273 django.utils.autoreload INFO     /mnt/d/Aditya Priyadarshi/Web 2.0/Zense_proj/income/analysis.py changed, reloading.
2023-08-14 19:32:52,085 django.utils.autoreload INFO     Watching for file changes with StatReloader
2023-08-14 19:32:59,243 django.utils.autoreload INFO     /mnt/d/Aditya Priyadarshi/Web 2.0/Zense_proj/income/analysis.py changed, reloading.
2023-08-14 19:33:01,113 django.utils.autoreload INFO     Watching for file changes with StatReloader
2023-08-14 19:39:33,221 django.utils.autoreload INFO     /mnt/d/Aditya Priyadarshi/Web 2.0/Zense_proj/income/admin.py changed, reloading.
2023-08-14 19:39:35,363 django.utils.autoreload INFO     Watching for file changes with StatReloader
2023-08-14 19:39:38,792 django.utils.autoreload INFO     /mnt/d/Aditya Priyadarshi/Web 2.0/Zense_proj/income/admin.py changed, reloading.
2023-08-14 19:39:40,489 django.utils.autoreload INFO     Watching for file changes with StatReloader
2023-08-14 19:39:53,456 django.utils.autoreload INFO     /mnt/d/Aditya Priyadarshi/Web 2.0/Zense_proj/income/analysis.py changed, reloading.
2023-08-14 19:39:55,227 django.utils.autoreload INFO     Watching for file changes with StatReloader
2023-08-14 19:39:59,199 django.utils.autoreload INFO     /mnt/d/Aditya Priyadarshi/Web 2.0/Zense_proj/income/analysis.py changed, reloading.
2023-08-14 19:40:00,797 django.utils.autoreload INFO     Watching for file changes with StatReloader
2023-08-14 19:40:04,178 django.utils.autoreload INFO     /mnt/d/Aditya Priyadarshi/Web 2.0/Zense_proj/income/urls.py changed, reloading.
2023-08-14 19:40:05,981 django.utils.autoreload INFO     Watching for file changes with StatReloader
2023-08-14 19:40:13,305 django.utils.autoreload INFO     /mnt/d/Aditya Priyadarshi/Web 2.0/Zense_proj/income/urls.py changed, reloading.
2023-08-14 19:40:14,962 django.utils.autoreload INFO     Watching for file changes with StatReloader
2023-08-14 19:40:45,160 django.utils.autoreload INFO     Watching for file changes with StatReloader
2023-08-14 19:50:52,009 django.utils.autoreload INFO     /mnt/d/Aditya Priyadarshi/Web 2.0/Zense_proj/income/analysis.py changed, reloading.
2023-08-14 19:50:54,311 django.utils.autoreload INFO     Watching for file changes with StatReloader
2023-08-14 19:51:12,811 django.utils.autoreload INFO     /mnt/d/Aditya Priyadarshi/Web 2.0/Zense_proj/income/analysis.py changed, reloading.
2023-08-14 19:51:14,440 django.utils.autoreload INFO     Watching for file changes with StatReloader
2023-08-14 19:51:16,759 django.utils.autoreload INFO     /mnt/d/Aditya Priyadarshi/Web 2.0/Zense_proj/income/analysis.py changed, reloading.
2023-08-14 19:51:18,669 django.utils.autoreload INFO     Watching for file changes with StatReloader
2023-08-14 19:51:21,998 django.utils.autoreload INFO     /mnt/d/Aditya Priyadarshi/Web 2.0/Zense_proj/income/analysis.py changed, reloading.
2023-08-14 19:51:23,591 django.utils.autoreload INFO     Watching for file changes with StatReloader
2023-08-14 19:51:27,170 django.utils.autoreload INFO     /mnt/d/Aditya Priyadarshi/Web 2.0/Zense_proj/income/analysis.py changed, reloading.
2023-08-14 19:51:28,962 django.utils.autoreload INFO     Watching for file changes with StatReloader
2023-08-14 19:51:55,392 django.utils.autoreload INFO     /mnt/d/Aditya Priyadarshi/Web 2.0/Zense_proj/income/analysis.py changed, reloading.
2023-08-14 19:51:57,439 django.utils.autoreload INFO     Watching for file changes with StatReloader
2023-08-14 19:52:09,998 django.utils.autoreload INFO     /mnt/d/Aditya Priyadarshi/Web 2.0/Zense_proj/income/analysis.py changed, reloading.
2023-08-14 19:52:11,743 django.utils.autoreload INFO     Watching for file changes with StatReloader
2023-08-14 19:52:16,782 django.utils.autoreload INFO     /mnt/d/Aditya Priyadarshi/Web 2.0/Zense_proj/income/analysis.py changed, reloading.
2023-08-14 19:52:18,454 django.utils.autoreload INFO     Watching for file changes with StatReloader
2023-08-14 19:52:41,843 django.utils.autoreload INFO     /mnt/d/Aditya Priyadarshi/Web 2.0/Zense_proj/income/analysis.py changed, reloading.
2023-08-14 19:52:43,851 django.utils.autoreload INFO     Watching for file changes with StatReloader
2023-08-14 19:58:50,798 django.utils.autoreload INFO     /mnt/d/Aditya Priyadarshi/Web 2.0/Zense_proj/income/analysis.py changed, reloading.
2023-08-14 19:58:52,836 django.utils.autoreload INFO     Watching for file changes with StatReloader
2023-08-14 19:59:30,670 django.utils.autoreload INFO     Watching for file changes with StatReloader
2023-08-14 19:59:49,740 django.utils.autoreload INFO     /mnt/d/Aditya Priyadarshi/Web 2.0/Zense_proj/income/analysis.py changed, reloading.
2023-08-14 19:59:51,734 django.utils.autoreload INFO     Watching for file changes with StatReloader
2023-08-14 19:59:55,469 django.utils.autoreload INFO     /mnt/d/Aditya Priyadarshi/Web 2.0/Zense_proj/income/analysis.py changed, reloading.
2023-08-14 19:59:56,813 django.utils.autoreload INFO     Watching for file changes with StatReloader
2023-08-14 20:00:00,618 django.utils.autoreload INFO     /mnt/d/Aditya Priyadarshi/Web 2.0/Zense_proj/income/analysis.py changed, reloading.
2023-08-14 20:00:02,442 django.utils.autoreload INFO     Watching for file changes with StatReloader
2023-08-14 20:01:57,852 django.utils.autoreload INFO     /mnt/d/Aditya Priyadarshi/Web 2.0/Zense_proj/income/analysis.py changed, reloading.
2023-08-14 20:01:59,680 django.utils.autoreload INFO     Watching for file changes with StatReloader
2023-08-14 20:02:17,013 django.utils.autoreload INFO     /mnt/d/Aditya Priyadarshi/Web 2.0/Zense_proj/income/analysis.py changed, reloading.
2023-08-14 20:02:19,159 django.utils.autoreload INFO     Watching for file changes with StatReloader
2023-08-14 20:03:10,121 django.utils.autoreload INFO     /mnt/d/Aditya Priyadarshi/Web 2.0/Zense_proj/income/analysis.py changed, reloading.
2023-08-14 20:03:11,818 django.utils.autoreload INFO     Watching for file changes with StatReloader
2023-08-14 20:03:15,754 django.utils.autoreload INFO     /mnt/d/Aditya Priyadarshi/Web 2.0/Zense_proj/income/analysis.py changed, reloading.
2023-08-14 20:03:17,556 django.utils.autoreload INFO     Watching for file changes with StatReloader
2023-08-14 20:03:34,746 django.utils.autoreload INFO     /mnt/d/Aditya Priyadarshi/Web 2.0/Zense_proj/income/analysis.py changed, reloading.
2023-08-14 20:03:37,370 django.utils.autoreload INFO     Watching for file changes with StatReloader
2023-08-14 20:03:41,321 django.utils.autoreload INFO     /mnt/d/Aditya Priyadarshi/Web 2.0/Zense_proj/income/analysis.py changed, reloading.
2023-08-14 20:03:43,104 django.utils.autoreload INFO     Watching for file changes with StatReloader
2023-08-14 20:03:52,689 django.utils.autoreload INFO     /mnt/d/Aditya Priyadarshi/Web 2.0/Zense_proj/income/analysis.py changed, reloading.
2023-08-14 20:03:54,410 django.utils.autoreload INFO     Watching for file changes with StatReloader
2023-08-14 20:04:06,927 django.utils.autoreload INFO     /mnt/d/Aditya Priyadarshi/Web 2.0/Zense_proj/income/analysis.py changed, reloading.
2023-08-14 20:04:08,864 django.utils.autoreload INFO     Watching for file changes with StatReloader
2023-08-14 20:04:40,121 django.utils.autoreload INFO     /mnt/d/Aditya Priyadarshi/Web 2.0/Zense_proj/income/analysis.py changed, reloading.
2023-08-14 20:04:42,352 django.utils.autoreload INFO     Watching for file changes with StatReloader
2023-08-14 20:04:46,017 django.utils.autoreload INFO     /mnt/d/Aditya Priyadarshi/Web 2.0/Zense_proj/income/analysis.py changed, reloading.
2023-08-14 20:04:47,878 django.utils.autoreload INFO     Watching for file changes with StatReloader
2023-08-14 20:04:52,585 django.request ERROR    Internal Server Error: /income/analyse_single/Doctor/
Traceback (most recent call last):
  File "/home/ap5967/.local/lib/python3.10/site-packages/django/core/handlers/exception.py", line 55, in inner
    response = get_response(request)
  File "/home/ap5967/.local/lib/python3.10/site-packages/django/core/handlers/base.py", line 197, in _get_response
    response = wrapped_callback(request, *callback_args, **callback_kwargs)
  File "/home/ap5967/.local/lib/python3.10/site-packages/django/contrib/auth/decorators.py", line 23, in _wrapper_view
    return view_func(request, *args, **kwargs)
  File "/mnt/d/Aditya Priyadarshi/Web 2.0/Zense_proj/income/analysis.py", line 31, in analysis_single
    return HttpResponse(income_in_year(income,2020))
  File "/mnt/d/Aditya Priyadarshi/Web 2.0/Zense_proj/income/analysis.py", line 24, in income_in_year
    return float(income.filter(last_date__year=year).aggregate(Sum('amount'))['amount__sum'])
TypeError: float() argument must be a string or a real number, not 'NoneType'
2023-08-14 20:05:08,220 django.utils.autoreload INFO     /mnt/d/Aditya Priyadarshi/Web 2.0/Zense_proj/income/analysis.py changed, reloading.
2023-08-14 20:05:10,082 django.utils.autoreload INFO     Watching for file changes with StatReloader
2023-08-14 20:05:13,826 django.utils.autoreload INFO     /mnt/d/Aditya Priyadarshi/Web 2.0/Zense_proj/income/analysis.py changed, reloading.
2023-08-14 20:05:15,515 django.utils.autoreload INFO     Watching for file changes with StatReloader
2023-08-14 20:05:18,518 django.request ERROR    Internal Server Error: /income/analyse_single/Doctor/
Traceback (most recent call last):
  File "/home/ap5967/.local/lib/python3.10/site-packages/django/core/handlers/exception.py", line 55, in inner
    response = get_response(request)
  File "/home/ap5967/.local/lib/python3.10/site-packages/django/core/handlers/base.py", line 197, in _get_response
    response = wrapped_callback(request, *callback_args, **callback_kwargs)
  File "/home/ap5967/.local/lib/python3.10/site-packages/django/contrib/auth/decorators.py", line 23, in _wrapper_view
    return view_func(request, *args, **kwargs)
  File "/mnt/d/Aditya Priyadarshi/Web 2.0/Zense_proj/income/analysis.py", line 31, in analysis_single
    return HttpResponse(str(income_in_year(income,2020)))
  File "/mnt/d/Aditya Priyadarshi/Web 2.0/Zense_proj/income/analysis.py", line 24, in income_in_year
    return float(income.filter(last_date__year=year).aggregate(Sum('amount'))['amount__sum'])
TypeError: float() argument must be a string or a real number, not 'NoneType'
2023-08-14 20:05:18,531 django.request ERROR    Internal Server Error: /income/analyse_single/Doctor/
Traceback (most recent call last):
  File "/home/ap5967/.local/lib/python3.10/site-packages/django/core/handlers/exception.py", line 55, in inner
    response = get_response(request)
  File "/home/ap5967/.local/lib/python3.10/site-packages/django/core/handlers/base.py", line 197, in _get_response
    response = wrapped_callback(request, *callback_args, **callback_kwargs)
  File "/home/ap5967/.local/lib/python3.10/site-packages/django/contrib/auth/decorators.py", line 23, in _wrapper_view
    return view_func(request, *args, **kwargs)
  File "/mnt/d/Aditya Priyadarshi/Web 2.0/Zense_proj/income/analysis.py", line 31, in analysis_single
    return HttpResponse(str(income_in_year(income,2020)))
  File "/mnt/d/Aditya Priyadarshi/Web 2.0/Zense_proj/income/analysis.py", line 24, in income_in_year
    return float(income.filter(last_date__year=year).aggregate(Sum('amount'))['amount__sum'])
TypeError: float() argument must be a string or a real number, not 'NoneType'
2023-08-14 20:05:50,989 django.utils.autoreload INFO     /mnt/d/Aditya Priyadarshi/Web 2.0/Zense_proj/income/analysis.py changed, reloading.
2023-08-14 20:05:52,814 django.utils.autoreload INFO     Watching for file changes with StatReloader
2023-08-14 20:06:01,310 django.utils.autoreload INFO     /mnt/d/Aditya Priyadarshi/Web 2.0/Zense_proj/income/analysis.py changed, reloading.
2023-08-14 20:06:03,108 django.utils.autoreload INFO     Watching for file changes with StatReloader
2023-08-14 20:06:18,740 django.utils.autoreload INFO     /mnt/d/Aditya Priyadarshi/Web 2.0/Zense_proj/income/analysis.py changed, reloading.
2023-08-14 20:06:21,194 django.utils.autoreload INFO     Watching for file changes with StatReloader
2023-08-14 20:06:25,353 django.utils.autoreload INFO     /mnt/d/Aditya Priyadarshi/Web 2.0/Zense_proj/income/analysis.py changed, reloading.
2023-08-14 20:06:27,001 django.utils.autoreload INFO     Watching for file changes with StatReloader
2023-08-14 20:06:30,893 django.utils.autoreload INFO     /mnt/d/Aditya Priyadarshi/Web 2.0/Zense_proj/income/analysis.py changed, reloading.
2023-08-14 20:06:32,639 django.utils.autoreload INFO     Watching for file changes with StatReloader
2023-08-14 20:06:35,042 django.request ERROR    Internal Server Error: /income/analyse_single/Doctor/
Traceback (most recent call last):
  File "/home/ap5967/.local/lib/python3.10/site-packages/django/core/handlers/exception.py", line 55, in inner
    response = get_response(request)
  File "/home/ap5967/.local/lib/python3.10/site-packages/django/core/handlers/base.py", line 197, in _get_response
    response = wrapped_callback(request, *callback_args, **callback_kwargs)
  File "/home/ap5967/.local/lib/python3.10/site-packages/django/contrib/auth/decorators.py", line 23, in _wrapper_view
    return view_func(request, *args, **kwargs)
  File "/mnt/d/Aditya Priyadarshi/Web 2.0/Zense_proj/income/analysis.py", line 56, in analysis_single
    return HttpResponse(first_year=first_year,current_year=current_year,last=last.last_date.strftime("%d %b %Y"),contribution=contribution,last_year_income=last_year_income,income_all_years=income_all_years,contribution_all_years=contribution_all_years)
  File "/home/ap5967/.local/lib/python3.10/site-packages/django/http/response.py", line 374, in __init__
    super().__init__(*args, **kwargs)
TypeError: HttpResponseBase.__init__() got an unexpected keyword argument 'first_year'
2023-08-14 20:06:44,802 django.utils.autoreload INFO     /mnt/d/Aditya Priyadarshi/Web 2.0/Zense_proj/income/analysis.py changed, reloading.
2023-08-14 20:06:46,823 django.utils.autoreload INFO     Watching for file changes with StatReloader
2023-08-14 20:06:48,768 django.request ERROR    Internal Server Error: /income/analyse_single/Doctor/
Traceback (most recent call last):
  File "/home/ap5967/.local/lib/python3.10/site-packages/django/core/handlers/exception.py", line 55, in inner
    response = get_response(request)
  File "/home/ap5967/.local/lib/python3.10/site-packages/django/core/handlers/base.py", line 197, in _get_response
    response = wrapped_callback(request, *callback_args, **callback_kwargs)
  File "/home/ap5967/.local/lib/python3.10/site-packages/django/contrib/auth/decorators.py", line 23, in _wrapper_view
    return view_func(request, *args, **kwargs)
  File "/mnt/d/Aditya Priyadarshi/Web 2.0/Zense_proj/income/analysis.py", line 56, in analysis_single
    return HttpResponse(first_year=first_year,current_year=current_year)
  File "/home/ap5967/.local/lib/python3.10/site-packages/django/http/response.py", line 374, in __init__
    super().__init__(*args, **kwargs)
TypeError: HttpResponseBase.__init__() got an unexpected keyword argument 'first_year'
2023-08-14 20:06:49,913 django.request ERROR    Internal Server Error: /income/analyse_single/Doctor/
Traceback (most recent call last):
  File "/home/ap5967/.local/lib/python3.10/site-packages/django/core/handlers/exception.py", line 55, in inner
    response = get_response(request)
  File "/home/ap5967/.local/lib/python3.10/site-packages/django/core/handlers/base.py", line 197, in _get_response
    response = wrapped_callback(request, *callback_args, **callback_kwargs)
  File "/home/ap5967/.local/lib/python3.10/site-packages/django/contrib/auth/decorators.py", line 23, in _wrapper_view
    return view_func(request, *args, **kwargs)
  File "/mnt/d/Aditya Priyadarshi/Web 2.0/Zense_proj/income/analysis.py", line 56, in analysis_single
    return HttpResponse(first_year=first_year,current_year=current_year)
  File "/home/ap5967/.local/lib/python3.10/site-packages/django/http/response.py", line 374, in __init__
    super().__init__(*args, **kwargs)
TypeError: HttpResponseBase.__init__() got an unexpected keyword argument 'first_year'
2023-08-14 20:06:54,957 django.utils.autoreload INFO     /mnt/d/Aditya Priyadarshi/Web 2.0/Zense_proj/income/analysis.py changed, reloading.
2023-08-14 20:06:56,838 django.utils.autoreload INFO     Watching for file changes with StatReloader
2023-08-14 20:06:59,779 django.request ERROR    Internal Server Error: /income/analyse_single/Doctor/
Traceback (most recent call last):
  File "/home/ap5967/.local/lib/python3.10/site-packages/django/core/handlers/exception.py", line 55, in inner
    response = get_response(request)
  File "/home/ap5967/.local/lib/python3.10/site-packages/django/core/handlers/base.py", line 197, in _get_response
    response = wrapped_callback(request, *callback_args, **callback_kwargs)
  File "/home/ap5967/.local/lib/python3.10/site-packages/django/contrib/auth/decorators.py", line 23, in _wrapper_view
    return view_func(request, *args, **kwargs)
  File "/mnt/d/Aditya Priyadarshi/Web 2.0/Zense_proj/income/analysis.py", line 56, in analysis_single
    return HttpResponse(first_year,current_year)
  File "/home/ap5967/.local/lib/python3.10/site-packages/django/http/response.py", line 374, in __init__
    super().__init__(*args, **kwargs)
TypeError: HttpResponseBase.__init__() got an unexpected keyword argument 'first_year'
2023-08-14 20:07:00,546 django.utils.autoreload INFO     /mnt/d/Aditya Priyadarshi/Web 2.0/Zense_proj/income/analysis.py changed, reloading.
2023-08-14 20:07:02,136 django.utils.autoreload INFO     Watching for file changes with StatReloader
2023-08-14 20:07:15,504 django.utils.autoreload INFO     /mnt/d/Aditya Priyadarshi/Web 2.0/Zense_proj/income/analysis.py changed, reloading.
2023-08-14 20:07:17,815 django.utils.autoreload INFO     Watching for file changes with StatReloader
2023-08-14 20:07:38,665 django.utils.autoreload INFO     /mnt/d/Aditya Priyadarshi/Web 2.0/Zense_proj/income/analysis.py changed, reloading.
2023-08-14 20:07:40,402 django.utils.autoreload INFO     Watching for file changes with StatReloader
2023-08-14 20:07:43,953 django.utils.autoreload INFO     /mnt/d/Aditya Priyadarshi/Web 2.0/Zense_proj/income/analysis.py changed, reloading.
2023-08-14 20:07:45,535 django.utils.autoreload INFO     Watching for file changes with StatReloader
2023-08-14 20:07:47,868 django.utils.autoreload INFO     /mnt/d/Aditya Priyadarshi/Web 2.0/Zense_proj/income/analysis.py changed, reloading.
2023-08-14 20:07:49,462 django.utils.autoreload INFO     Watching for file changes with StatReloader
2023-08-14 20:07:51,493 django.utils.autoreload INFO     /mnt/d/Aditya Priyadarshi/Web 2.0/Zense_proj/income/analysis.py changed, reloading.
2023-08-14 20:07:53,070 django.utils.autoreload INFO     Watching for file changes with StatReloader
2023-08-14 20:07:56,445 django.utils.autoreload INFO     /mnt/d/Aditya Priyadarshi/Web 2.0/Zense_proj/income/analysis.py changed, reloading.
2023-08-14 20:07:58,293 django.utils.autoreload INFO     Watching for file changes with StatReloader
2023-08-14 20:08:12,411 django.utils.autoreload INFO     /mnt/d/Aditya Priyadarshi/Web 2.0/Zense_proj/income/analysis.py changed, reloading.
2023-08-14 20:08:14,642 django.utils.autoreload INFO     Watching for file changes with StatReloader
2023-08-14 20:09:00,226 django.utils.autoreload INFO     /mnt/d/Aditya Priyadarshi/Web 2.0/Zense_proj/income/analysis.py changed, reloading.
2023-08-14 20:09:01,849 django.utils.autoreload INFO     Watching for file changes with StatReloader
2023-08-14 20:10:16,774 django.utils.autoreload INFO     /mnt/d/Aditya Priyadarshi/Web 2.0/Zense_proj/income/analysis.py changed, reloading.
2023-08-14 20:10:18,912 django.utils.autoreload INFO     Watching for file changes with StatReloader
2023-08-14 20:10:55,113 django.utils.autoreload INFO     /mnt/d/Aditya Priyadarshi/Web 2.0/Zense_proj/income/analysis.py changed, reloading.
2023-08-14 20:10:57,117 django.utils.autoreload INFO     Watching for file changes with StatReloader
2023-08-14 20:11:06,603 django.utils.autoreload INFO     /mnt/d/Aditya Priyadarshi/Web 2.0/Zense_proj/income/analysis.py changed, reloading.
2023-08-14 20:11:08,150 django.utils.autoreload INFO     Watching for file changes with StatReloader
2023-08-14 20:11:12,895 django.utils.autoreload INFO     /mnt/d/Aditya Priyadarshi/Web 2.0/Zense_proj/income/analysis.py changed, reloading.
2023-08-14 20:11:14,814 django.utils.autoreload INFO     Watching for file changes with StatReloader
2023-08-14 20:11:18,673 django.utils.autoreload INFO     /mnt/d/Aditya Priyadarshi/Web 2.0/Zense_proj/income/analysis.py changed, reloading.
2023-08-14 20:11:20,151 django.utils.autoreload INFO     Watching for file changes with StatReloader
